MULTI-DRONE FARMLAND DROUGHT ALLOCATION REPORT
Generated (UTC): 2025-11-02 23:56:44

Drought probability model:
  * Weighted rainfall deficit, soil moisture deficit, vegetation stress, and heatwave intensity
  * Recent trend bonus captures worsening climatic signals
  * Logistic mapping keeps probabilities within 5%-95% confidence range

Area drought risk summary:
Area   Farm Name           P(drought)  RainDef  SoilDef  VegStress  HeatIdx  DroughtFreq  Trend
-----  ------------------  ----------  -------  -------  ---------  -------  -----------  -----
area_3  Farmland 3              92.60%    0.45    0.57     0.46    0.43        0.60   0.27
area_1  Farmland 1              91.30%    0.47    0.60     0.49    0.44        0.60   0.24
area_6  Farmland 6              70.62%    0.37    0.51     0.43    0.34        0.40   0.18
area_4  Farmland 4              63.62%    0.33    0.49     0.42    0.31        0.20   0.18
area_2  Farmland 2              32.08%    0.19    0.42     0.27    0.22        0.00   0.10
area_5  Farmland 5              20.90%    0.12    0.35     0.22    0.14        0.00   0.07

Drone-to-area allocation:
Drone  Role       Assignment (segment)              Risk   Notes
-----  ---------  -------------------------------  ------  ---------------------------
0      explorer  area_3  Farmland 3           1/1          92.6%  Farmland 3 (yellow)
1      explorer  area_1  Farmland 1           1/1          91.3%  Farmland 1 (red)
2      explorer  area_6  Farmland 6           1/1          70.6%  Farmland 6 (cyan)
3      explorer  area_4  Farmland 4           1/1          63.6%  Farmland 4 (purple)
4      explorer  area_2  Farmland 2           1/1          32.1%  Farmland 2 (blue)
5      explorer  area_5  Farmland 5           1/1          20.9%  Farmland 5 (orange)
6      backup    staging-area                 n/a       ---    Holding position
7      backup    staging-area                 n/a       ---    Holding position

Mission risk observations:
Drone  Farm Name           Actual  Onboard  Error   Inside  Bounds  Final (x,y)     Status   Notes
-----  ------------------  -------  -------  -------  ------  ------  --------------  -------  ---------------------------
0      Farmland 3            92.6%    86.4%   -6.22%   yes    0       (9.92, 9.77)    holding  Risk model 92.6%; Onboard sensor 86.4%; Holding within farm bounds
1      Farmland 1            91.3%    95.1%   +3.81%   yes    0       (-9.88, 9.78)   holding  Risk model 91.3%; Onboard sensor 95.1%; Holding within farm bounds
2      Farmland 6            70.6%    79.1%   +8.48%   yes    0       (9.85, -0.18)   holding  Risk model 70.6%; Onboard sensor 79.1%; Holding within farm bounds
3      Farmland 4            63.6%    57.9%   -5.72%   yes    0       (-9.81, -0.14)  holding  Risk model 63.6%; Onboard sensor 57.9%; Holding within farm bounds
4      Farmland 2            32.1%    27.6%   -4.44%   yes    0       (0.03, 9.76)    holding  Risk model 32.1%; Onboard sensor 27.6%; Holding within farm bounds
5      Farmland 5            20.9%    21.9%   +0.98%   yes    0       (0.05, -0.23)   holding  Risk model 20.9%; Onboard sensor 21.9%; Holding within farm bounds
6      Staging Pad            0.0%     0.0%   +0.00%   yes    0       (-0.11, -9.79)  reserve  Idle drought reserve drone
7      Staging Pad            0.0%     0.0%   +0.00%   yes    0       (0.19, -9.85)   reserve  Idle drought reserve drone
